<?xml version="1.0" encoding="UTF-8"?>
<!-- Generated by org.testng.reporters.JUnitReportReporter -->
<testsuite hostname="DESKTOP-792N559" failures="0" tests="1" name="log4j.LoggerTest" time="1.270" errors="0" timestamp="2023-10-30T16:17:43 PDT" skipped="0">
  <testcase classname="log4j.LoggerTest" name="test01" time="1.270"/>
</testsuite> <!-- log4j.LoggerTest -->
