<?xml version="1.0" encoding="UTF-8"?>
<!-- Generated by org.testng.reporters.JUnitReportReporter -->
<testsuite hostname="DESKTOP-792N559" failures="0" tests="8" name="runner.TestRunner" time="54.519" errors="0" timestamp="2023-10-26T11:59:59 PDT" skipped="0">
  <testcase classname="runner.TestRunner" name="runScenario" time="12.620"/>
  <testcase classname="runner.TestRunner" name="runScenario" time="5.790"/>
  <testcase classname="runner.TestRunner" name="runScenario" time="5.890"/>
  <testcase classname="runner.TestRunner" name="runScenario" time="3.491"/>
  <testcase classname="runner.TestRunner" name="runScenario" time="6.970"/>
  <testcase classname="runner.TestRunner" name="runScenario" time="3.630"/>
  <testcase classname="runner.TestRunner" name="runScenario" time="11.689"/>
  <testcase classname="runner.TestRunner" name="runScenario" time="4.439"/>
</testsuite> <!-- runner.TestRunner -->
