<?xml version="1.0" encoding="UTF-8"?>
<!-- Generated by org.testng.reporters.JUnitReportReporter -->
<testsuite hostname="DESKTOP-792N559" failures="0" tests="24" name="runner.TestRunner" time="165.566" errors="0" timestamp="2023-11-03T20:42:39 PDT" skipped="0">
  <testcase classname="runner.TestRunner" name="runScenario" time="5.407"/>
  <testcase classname="runner.TestRunner" name="runScenario" time="4.768"/>
  <testcase classname="runner.TestRunner" name="runScenario" time="5.993"/>
  <testcase classname="runner.TestRunner" name="runScenario" time="9.190"/>
  <testcase classname="runner.TestRunner" name="runScenario" time="15.574"/>
  <testcase classname="runner.TestRunner" name="runScenario" time="2.515"/>
  <testcase classname="runner.TestRunner" name="runScenario" time="2.618"/>
  <testcase classname="runner.TestRunner" name="runScenario" time="14.663"/>
  <testcase classname="runner.TestRunner" name="runScenario" time="9.649"/>
  <testcase classname="runner.TestRunner" name="runScenario" time="5.595"/>
  <testcase classname="runner.TestRunner" name="runScenario" time="11.224"/>
  <testcase classname="runner.TestRunner" name="runScenario" time="6.260"/>
  <testcase classname="runner.TestRunner" name="runScenario" time="2.415"/>
  <testcase classname="runner.TestRunner" name="runScenario" time="10.426"/>
  <testcase classname="runner.TestRunner" name="runScenario" time="6.750"/>
  <testcase classname="runner.TestRunner" name="runScenario" time="3.983"/>
  <testcase classname="runner.TestRunner" name="runScenario" time="6.537"/>
  <testcase classname="runner.TestRunner" name="runScenario" time="4.090"/>
  <testcase classname="runner.TestRunner" name="runScenario" time="4.803"/>
  <testcase classname="runner.TestRunner" name="runScenario" time="6.698"/>
  <testcase classname="runner.TestRunner" name="runScenario" time="10.627"/>
  <testcase classname="runner.TestRunner" name="runScenario" time="2.718"/>
  <testcase classname="runner.TestRunner" name="runScenario" time="3.775"/>
  <testcase classname="runner.TestRunner" name="runScenario" time="9.288"/>
</testsuite> <!-- runner.TestRunner -->
