<?xml version="1.0" encoding="UTF-8"?>
<!-- Generated by org.testng.reporters.JUnitReportReporter -->
<testsuite hostname="DESKTOP-792N559" failures="0" tests="3" name="runner.TestRunner" time="14.871" errors="0" timestamp="2023-10-15T09:15:49 PDT" skipped="0">
  <testcase classname="runner.TestRunner" name="runScenario" time="14.831"/>
  <testcase classname="runner.TestRunner" name="runScenario" time="0.025"/>
  <testcase classname="runner.TestRunner" name="runScenario" time="0.015"/>
</testsuite> <!-- runner.TestRunner -->
